This file contains any messages produced by compilers while
running configure, to aid debugging if configure makes a mistake.

It was created by corsika configure 76900, which was
generated by GNU Autoconf 2.69.  Invocation command line was

  $ ./configure CORHEMODEL=QGSJET01 CORTIMELIB=TIMEAUTO CORLEMODEL=GHEISHA CORDETECTOR=HORIZONTAL --prefix=/home/groot/corsika/corsika7/corsika-76900 --bindir=/home/groot/corsika/corsika7/corsika-76900/run --libdir=/home/groot/corsika/corsika7/corsika-76900/lib/unknown

## --------- ##
## Platform. ##
## --------- ##

hostname = Hyper-Abacus
uname -m = x86_64
uname -r = 4.4.0-18941-Microsoft
uname -s = Linux
uname -v = #1001-Microsoft Sat Jul 13 17:00:00 PST 2019

/usr/bin/uname -p = unknown
/bin/uname -X     = unknown

/bin/arch              = unknown
/usr/bin/arch -k       = unknown
/usr/convex/getsysinfo = unknown
/usr/bin/hostinfo      = unknown
/bin/machine           = unknown
/usr/bin/oslevel       = unknown
/bin/universe          = unknown

PATH: /home/groot/root/v5-34-38/bin
PATH: /usr/local/sbin
PATH: /usr/local/bin
PATH: /usr/sbin
PATH: /usr/bin
PATH: /sbin
PATH: /bin
PATH: /usr/games
PATH: /usr/local/games
PATH: /mnt/c/Program\ Files/Docker/Docker/resources/bin


## ----------- ##
## Core tests. ##
## ----------- ##

configure:2964: checking whether to enable maintainer-specific portions of Makefiles
configure:2973: result: no
configure:2990: checking build system type
configure:3004: result: x86_64-unknown-linux-gnu
configure:3024: checking host system type
configure:3037: result: x86_64-unknown-linux-gnu
configure:3074: checking for a BSD-compatible install
configure:3142: result: /usr/bin/install -c
configure:3153: checking whether build environment is sane
configure:3208: result: yes
configure:3359: checking for a thread-safe mkdir -p
configure:3398: result: /bin/mkdir -p
configure:3405: checking for gawk
configure:3421: found /usr/bin/gawk
configure:3432: result: gawk
configure:3443: checking whether make sets $(MAKE)
configure:3465: result: yes
configure:3494: checking whether make supports nested variables
configure:3511: result: yes
configure:3664: checking to compile without optimisation and system flags
configure:3671: result: no
configure:3742: checking whether to generate debug
configure:3749: result: yes
configure:3816: checking for pgf77
configure:3846: result: no
configure:3816: checking for ifc
configure:3846: result: no
configure:3816: checking for ifort
configure:3846: result: no
configure:3816: checking for gfortran
configure:3832: found /usr/bin/gfortran
configure:3843: result: gfortran
configure:3869: checking for Fortran 77 compiler version
configure:3878: gfortran --version >&5
GNU Fortran (Ubuntu 7.4.0-1ubuntu1~18.04.1) 7.4.0
Copyright (C) 2017 Free Software Foundation, Inc.
This is free software; see the source for copying conditions.  There is NO
warranty; not even for MERCHANTABILITY or FITNESS FOR A PARTICULAR PURPOSE.

configure:3889: $? = 0
configure:3878: gfortran -v >&5
Using built-in specs.
COLLECT_GCC=gfortran
COLLECT_LTO_WRAPPER=/usr/lib/gcc/x86_64-linux-gnu/7/lto-wrapper
OFFLOAD_TARGET_NAMES=nvptx-none
OFFLOAD_TARGET_DEFAULT=1
Target: x86_64-linux-gnu
Configured with: ../src/configure -v --with-pkgversion='Ubuntu 7.4.0-1ubuntu1~18.04.1' --with-bugurl=file:///usr/share/doc/gcc-7/README.Bugs --enable-languages=c,ada,c++,go,brig,d,fortran,objc,obj-c++ --prefix=/usr --with-gcc-major-version-only --program-suffix=-7 --program-prefix=x86_64-linux-gnu- --enable-shared --enable-linker-build-id --libexecdir=/usr/lib --without-included-gettext --enable-threads=posix --libdir=/usr/lib --enable-nls --with-sysroot=/ --enable-clocale=gnu --enable-libstdcxx-debug --enable-libstdcxx-time=yes --with-default-libstdcxx-abi=new --enable-gnu-unique-object --disable-vtable-verify --enable-libmpx --enable-plugin --enable-default-pie --with-system-zlib --with-target-system-zlib --enable-objc-gc=auto --enable-multiarch --disable-werror --with-arch-32=i686 --with-abi=m64 --with-multilib-list=m32,m64,mx32 --enable-multilib --with-tune=generic --enable-offload-targets=nvptx-none --without-cuda-driver --enable-checking=release --build=x86_64-linux-gnu --host=x86_64-linux-gnu --target=x86_64-linux-gnu
Thread model: posix
gcc version 7.4.0 (Ubuntu 7.4.0-1ubuntu1~18.04.1) 
configure:3889: $? = 0
configure:3878: gfortran -V >&5
gfortran: error: unrecognized command line option '-V'
gfortran: fatal error: no input files
compilation terminated.
configure:3889: $? = 1
configure:3878: gfortran -qversion >&5
gfortran: error: unrecognized command line option '-qversion'; did you mean '--version'?
gfortran: fatal error: no input files
compilation terminated.
configure:3889: $? = 1
configure:3904: checking whether the Fortran 77 compiler works
configure:3926: gfortran  -g  conftest.f  >&5
configure:3930: $? = 0
configure:3978: result: yes
configure:3981: checking for Fortran 77 compiler default output file name
configure:3983: result: a.out
configure:3989: checking for suffix of executables
configure:3996: gfortran -o conftest  -g  conftest.f  >&5
configure:4000: $? = 0
configure:4022: result: 
configure:4038: checking whether we are cross compiling
configure:4046: gfortran -o conftest  -g  conftest.f  >&5
configure:4050: $? = 0
configure:4057: ./conftest
configure:4061: $? = 0
configure:4076: result: no
configure:4081: checking for suffix of object files
configure:4097: gfortran -c  -g conftest.f >&5
configure:4101: $? = 0
configure:4122: result: o
configure:4130: checking whether we are using the GNU Fortran 77 compiler
configure:4143: gfortran -c  -g conftest.F >&5
configure:4143: $? = 0
configure:4152: result: yes
configure:4158: checking whether gfortran accepts -g
configure:4169: gfortran -c -g conftest.f >&5
configure:4169: $? = 0
configure:4177: result: yes
configure:4260: checking for cc
configure:4276: found /usr/bin/cc
configure:4287: result: cc
configure:4318: checking for C compiler version
configure:4327: cc --version >&5
cc (Ubuntu 7.4.0-1ubuntu1~18.04.1) 7.4.0
Copyright (C) 2017 Free Software Foundation, Inc.
This is free software; see the source for copying conditions.  There is NO
warranty; not even for MERCHANTABILITY or FITNESS FOR A PARTICULAR PURPOSE.

configure:4338: $? = 0
configure:4327: cc -v >&5
Using built-in specs.
COLLECT_GCC=cc
COLLECT_LTO_WRAPPER=/usr/lib/gcc/x86_64-linux-gnu/7/lto-wrapper
OFFLOAD_TARGET_NAMES=nvptx-none
OFFLOAD_TARGET_DEFAULT=1
Target: x86_64-linux-gnu
Configured with: ../src/configure -v --with-pkgversion='Ubuntu 7.4.0-1ubuntu1~18.04.1' --with-bugurl=file:///usr/share/doc/gcc-7/README.Bugs --enable-languages=c,ada,c++,go,brig,d,fortran,objc,obj-c++ --prefix=/usr --with-gcc-major-version-only --program-suffix=-7 --program-prefix=x86_64-linux-gnu- --enable-shared --enable-linker-build-id --libexecdir=/usr/lib --without-included-gettext --enable-threads=posix --libdir=/usr/lib --enable-nls --with-sysroot=/ --enable-clocale=gnu --enable-libstdcxx-debug --enable-libstdcxx-time=yes --with-default-libstdcxx-abi=new --enable-gnu-unique-object --disable-vtable-verify --enable-libmpx --enable-plugin --enable-default-pie --with-system-zlib --with-target-system-zlib --enable-objc-gc=auto --enable-multiarch --disable-werror --with-arch-32=i686 --with-abi=m64 --with-multilib-list=m32,m64,mx32 --enable-multilib --with-tune=generic --enable-offload-targets=nvptx-none --without-cuda-driver --enable-checking=release --build=x86_64-linux-gnu --host=x86_64-linux-gnu --target=x86_64-linux-gnu
Thread model: posix
gcc version 7.4.0 (Ubuntu 7.4.0-1ubuntu1~18.04.1) 
configure:4338: $? = 0
configure:4327: cc -V >&5
cc: error: unrecognized command line option '-V'
cc: fatal error: no input files
compilation terminated.
configure:4338: $? = 1
configure:4327: cc -qversion >&5
cc: error: unrecognized command line option '-qversion'; did you mean '--version'?
cc: fatal error: no input files
compilation terminated.
configure:4338: $? = 1
configure:4342: checking whether we are using the GNU C compiler
configure:4361: cc -c  -g  conftest.c >&5
configure:4361: $? = 0
configure:4370: result: yes
configure:4379: checking whether cc accepts -g
configure:4399: cc -c -g  conftest.c >&5
configure:4399: $? = 0
configure:4440: result: yes
configure:4457: checking for cc option to accept ISO C89
configure:4520: cc  -c  -g  conftest.c >&5
configure:4520: $? = 0
configure:4533: result: none needed
configure:4558: checking whether cc understands -c and -o together
configure:4580: cc -c conftest.c -o conftest2.o
configure:4583: $? = 0
configure:4580: cc -c conftest.c -o conftest2.o
configure:4583: $? = 0
configure:4595: result: yes
configure:4623: checking for style of include used by make
configure:4651: result: GNU
configure:4677: checking dependency style of cc
configure:4788: result: gcc3
configure:4861: checking for g++
configure:4877: found /usr/bin/g++
configure:4888: result: g++
configure:4915: checking for C++ compiler version
configure:4924: g++ --version >&5
g++ (Ubuntu 7.4.0-1ubuntu1~18.04.1) 7.4.0
Copyright (C) 2017 Free Software Foundation, Inc.
This is free software; see the source for copying conditions.  There is NO
warranty; not even for MERCHANTABILITY or FITNESS FOR A PARTICULAR PURPOSE.

configure:4935: $? = 0
configure:4924: g++ -v >&5
Using built-in specs.
COLLECT_GCC=g++
COLLECT_LTO_WRAPPER=/usr/lib/gcc/x86_64-linux-gnu/7/lto-wrapper
OFFLOAD_TARGET_NAMES=nvptx-none
OFFLOAD_TARGET_DEFAULT=1
Target: x86_64-linux-gnu
Configured with: ../src/configure -v --with-pkgversion='Ubuntu 7.4.0-1ubuntu1~18.04.1' --with-bugurl=file:///usr/share/doc/gcc-7/README.Bugs --enable-languages=c,ada,c++,go,brig,d,fortran,objc,obj-c++ --prefix=/usr --with-gcc-major-version-only --program-suffix=-7 --program-prefix=x86_64-linux-gnu- --enable-shared --enable-linker-build-id --libexecdir=/usr/lib --without-included-gettext --enable-threads=posix --libdir=/usr/lib --enable-nls --with-sysroot=/ --enable-clocale=gnu --enable-libstdcxx-debug --enable-libstdcxx-time=yes --with-default-libstdcxx-abi=new --enable-gnu-unique-object --disable-vtable-verify --enable-libmpx --enable-plugin --enable-default-pie --with-system-zlib --with-target-system-zlib --enable-objc-gc=auto --enable-multiarch --disable-werror --with-arch-32=i686 --with-abi=m64 --with-multilib-list=m32,m64,mx32 --enable-multilib --with-tune=generic --enable-offload-targets=nvptx-none --without-cuda-driver --enable-checking=release --build=x86_64-linux-gnu --host=x86_64-linux-gnu --target=x86_64-linux-gnu
Thread model: posix
gcc version 7.4.0 (Ubuntu 7.4.0-1ubuntu1~18.04.1) 
configure:4935: $? = 0
configure:4924: g++ -V >&5
g++: error: unrecognized command line option '-V'
g++: fatal error: no input files
compilation terminated.
configure:4935: $? = 1
configure:4924: g++ -qversion >&5
g++: error: unrecognized command line option '-qversion'; did you mean '--version'?
g++: fatal error: no input files
compilation terminated.
configure:4935: $? = 1
configure:4939: checking whether we are using the GNU C++ compiler
configure:4958: g++ -c  -Wall  conftest.cpp >&5
configure:4958: $? = 0
configure:4967: result: yes
configure:4976: checking whether g++ accepts -g
configure:4996: g++ -c -g  conftest.cpp >&5
configure:4996: $? = 0
configure:5037: result: yes
configure:5062: checking dependency style of g++
configure:5173: result: gcc3
configure:5190: checking for cpp
configure:5206: found /usr/bin/cpp
configure:5217: result: cpp
configure:5230: checking how to run the C preprocessor
configure:5300: result: cpp
configure:5320: cpp  conftest.c
configure:5320: $? = 0
configure:5334: cpp  conftest.c
conftest.c:11:10: fatal error: ac_nonexistent.h: No such file or directory
 #include <ac_nonexistent.h>
          ^~~~~~~~~~~~~~~~~~
compilation terminated.
configure:5334: $? = 1
configure: failed program was:
| /* confdefs.h */
| #define PACKAGE_NAME "corsika"
| #define PACKAGE_TARNAME "corsika"
| #define PACKAGE_VERSION "76900"
| #define PACKAGE_STRING "corsika 76900"
| #define PACKAGE_BUGREPORT ""
| #define PACKAGE_URL ""
| #define PACKAGE "corsika"
| #define VERSION "76900"
| /* end confdefs.h.  */
| #include <ac_nonexistent.h>
configure:5368: checking how to get verbose linking output from gfortran
configure:5378: gfortran -c  -g conftest.f >&5
configure:5378: $? = 0
configure:5396: gfortran -o conftest -g -v conftest.f
Using built-in specs.
Target: x86_64-linux-gnu
Thread model: posix
gcc version 7.4.0 (Ubuntu 7.4.0-1ubuntu1~18.04.1) 
 /usr/lib/gcc/x86_64-linux-gnu/7/f951 conftest.f -ffixed-form -quiet -dumpbase conftest.f -mtune=generic -march=x86-64 -auxbase conftest -g -version -fintrinsic-modules-path /usr/lib/gcc/x86_64-linux-gnu/7/finclude -o /tmp/ccjh5jDV.s
GNU Fortran (Ubuntu 7.4.0-1ubuntu1~18.04.1) version 7.4.0 (x86_64-linux-gnu)
	compiled by GNU C version 7.4.0, GMP version 6.1.2, MPFR version 4.0.1, MPC version 1.1.0, isl version isl-0.19-GMP

GGC heuristics: --param ggc-min-expand=100 --param ggc-min-heapsize=131072
GNU Fortran2008 (Ubuntu 7.4.0-1ubuntu1~18.04.1) version 7.4.0 (x86_64-linux-gnu)
	compiled by GNU C version 7.4.0, GMP version 6.1.2, MPFR version 4.0.1, MPC version 1.1.0, isl version isl-0.19-GMP

GGC heuristics: --param ggc-min-expand=100 --param ggc-min-heapsize=131072
 as -v --64 -o /tmp/cc9X55f9.o /tmp/ccjh5jDV.s
GNU assembler version 2.30 (x86_64-linux-gnu) using BFD version (GNU Binutils for Ubuntu) 2.30
Reading specs from /usr/lib/gcc/x86_64-linux-gnu/7/libgfortran.spec
rename spec lib to liborig
 /usr/lib/gcc/x86_64-linux-gnu/7/collect2 -plugin /usr/lib/gcc/x86_64-linux-gnu/7/liblto_plugin.so -plugin-opt=/usr/lib/gcc/x86_64-linux-gnu/7/lto-wrapper -plugin-opt=-fresolution=/tmp/cc7HKbXm.res -plugin-opt=-pass-through=-lgcc_s -plugin-opt=-pass-through=-lgcc -plugin-opt=-pass-through=-lquadmath -plugin-opt=-pass-through=-lm -plugin-opt=-pass-through=-lgcc_s -plugin-opt=-pass-through=-lgcc -plugin-opt=-pass-through=-lc -plugin-opt=-pass-through=-lgcc_s -plugin-opt=-pass-through=-lgcc --sysroot=/ --build-id --eh-frame-hdr -m elf_x86_64 --hash-style=gnu --as-needed -dynamic-linker /lib64/ld-linux-x86-64.so.2 -pie -z now -z relro -o conftest /usr/lib/gcc/x86_64-linux-gnu/7/../../../x86_64-linux-gnu/Scrt1.o /usr/lib/gcc/x86_64-linux-gnu/7/../../../x86_64-linux-gnu/crti.o /usr/lib/gcc/x86_64-linux-gnu/7/crtbeginS.o -L/usr/lib/gcc/x86_64-linux-gnu/7 -L/usr/lib/gcc/x86_64-linux-gnu/7/../../../x86_64-linux-gnu -L/usr/lib/gcc/x86_64-linux-gnu/7/../../../../lib -L/lib/x86_64-linux-gnu -L/lib/../lib -L/usr/lib/x86_64-linux-gnu -L/usr/lib/../lib -L/usr/lib/gcc/x86_64-linux-gnu/7/../../.. /tmp/cc9X55f9.o -lgfortran -lm -lgcc_s -lgcc -lquadmath -lm -lgcc_s -lgcc -lc -lgcc_s -lgcc /usr/lib/gcc/x86_64-linux-gnu/7/crtendS.o /usr/lib/gcc/x86_64-linux-gnu/7/../../../x86_64-linux-gnu/crtn.o
configure:5479: result: -v
configure:5481: checking for Fortran 77 libraries of gfortran
configure:5504: gfortran -o conftest -g -v conftest.f
Using built-in specs.
Target: x86_64-linux-gnu
Thread model: posix
gcc version 7.4.0 (Ubuntu 7.4.0-1ubuntu1~18.04.1) 
 /usr/lib/gcc/x86_64-linux-gnu/7/f951 conftest.f -ffixed-form -quiet -dumpbase conftest.f -mtune=generic -march=x86-64 -auxbase conftest -g -version -fintrinsic-modules-path /usr/lib/gcc/x86_64-linux-gnu/7/finclude -o /tmp/ccMxVqsk.s
GNU Fortran (Ubuntu 7.4.0-1ubuntu1~18.04.1) version 7.4.0 (x86_64-linux-gnu)
	compiled by GNU C version 7.4.0, GMP version 6.1.2, MPFR version 4.0.1, MPC version 1.1.0, isl version isl-0.19-GMP

GGC heuristics: --param ggc-min-expand=100 --param ggc-min-heapsize=131072
GNU Fortran2008 (Ubuntu 7.4.0-1ubuntu1~18.04.1) version 7.4.0 (x86_64-linux-gnu)
	compiled by GNU C version 7.4.0, GMP version 6.1.2, MPFR version 4.0.1, MPC version 1.1.0, isl version isl-0.19-GMP

GGC heuristics: --param ggc-min-expand=100 --param ggc-min-heapsize=131072
 as -v --64 -o /tmp/cc6BHxPy.o /tmp/ccMxVqsk.s
GNU assembler version 2.30 (x86_64-linux-gnu) using BFD version (GNU Binutils for Ubuntu) 2.30
Reading specs from /usr/lib/gcc/x86_64-linux-gnu/7/libgfortran.spec
rename spec lib to liborig
 /usr/lib/gcc/x86_64-linux-gnu/7/collect2 -plugin /usr/lib/gcc/x86_64-linux-gnu/7/liblto_plugin.so -plugin-opt=/usr/lib/gcc/x86_64-linux-gnu/7/lto-wrapper -plugin-opt=-fresolution=/tmp/ccsmo0gN.res -plugin-opt=-pass-through=-lgcc_s -plugin-opt=-pass-through=-lgcc -plugin-opt=-pass-through=-lquadmath -plugin-opt=-pass-through=-lm -plugin-opt=-pass-through=-lgcc_s -plugin-opt=-pass-through=-lgcc -plugin-opt=-pass-through=-lc -plugin-opt=-pass-through=-lgcc_s -plugin-opt=-pass-through=-lgcc --sysroot=/ --build-id --eh-frame-hdr -m elf_x86_64 --hash-style=gnu --as-needed -dynamic-linker /lib64/ld-linux-x86-64.so.2 -pie -z now -z relro -o conftest /usr/lib/gcc/x86_64-linux-gnu/7/../../../x86_64-linux-gnu/Scrt1.o /usr/lib/gcc/x86_64-linux-gnu/7/../../../x86_64-linux-gnu/crti.o /usr/lib/gcc/x86_64-linux-gnu/7/crtbeginS.o -L/usr/lib/gcc/x86_64-linux-gnu/7 -L/usr/lib/gcc/x86_64-linux-gnu/7/../../../x86_64-linux-gnu -L/usr/lib/gcc/x86_64-linux-gnu/7/../../../../lib -L/lib/x86_64-linux-gnu -L/lib/../lib -L/usr/lib/x86_64-linux-gnu -L/usr/lib/../lib -L/usr/lib/gcc/x86_64-linux-gnu/7/../../.. /tmp/cc6BHxPy.o -lgfortran -lm -lgcc_s -lgcc -lquadmath -lm -lgcc_s -lgcc -lc -lgcc_s -lgcc /usr/lib/gcc/x86_64-linux-gnu/7/crtendS.o /usr/lib/gcc/x86_64-linux-gnu/7/../../../x86_64-linux-gnu/crtn.o
configure:5700: result:  -L/usr/lib/gcc/x86_64-linux-gnu/7 -L/usr/lib/gcc/x86_64-linux-gnu/7/../../../x86_64-linux-gnu -L/usr/lib/gcc/x86_64-linux-gnu/7/../../../../lib -L/lib/x86_64-linux-gnu -L/lib/../lib -L/usr/lib/x86_64-linux-gnu -L/usr/lib/../lib -L/usr/lib/gcc/x86_64-linux-gnu/7/../../.. -lgfortran -lm -lquadmath
configure:5843: checking how to print strings
configure:5870: result: printf
configure:5891: checking for a sed that does not truncate output
configure:5955: result: /bin/sed
configure:5973: checking for grep that handles long lines and -e
configure:6031: result: /bin/grep
configure:6036: checking for egrep
configure:6098: result: /bin/grep -E
configure:6103: checking for fgrep
configure:6165: result: /bin/grep -F
configure:6200: checking for ld used by cc
configure:6267: result: /usr/bin/ld
configure:6274: checking if the linker (/usr/bin/ld) is GNU ld
configure:6289: result: yes
configure:6301: checking for BSD- or MS-compatible name lister (nm)
configure:6350: result: /usr/bin/nm -B
configure:6480: checking the name lister (/usr/bin/nm -B) interface
configure:6487: cc -c  -g  conftest.c >&5
configure:6490: /usr/bin/nm -B "conftest.o"
configure:6493: output
0000000000000000 B some_variable
configure:6500: result: BSD nm
configure:6503: checking whether ln -s works
configure:6507: result: yes
configure:6515: checking the maximum length of command line arguments
configure:6646: result: 1572864
configure:6663: checking whether the shell understands some XSI constructs
configure:6673: result: yes
configure:6677: checking whether the shell understands "+="
configure:6683: result: yes
configure:6718: checking how to convert x86_64-unknown-linux-gnu file names to x86_64-unknown-linux-gnu format
configure:6758: result: func_convert_file_noop
configure:6765: checking how to convert x86_64-unknown-linux-gnu file names to toolchain format
configure:6785: result: func_convert_file_noop
configure:6792: checking for /usr/bin/ld option to reload object files
configure:6799: result: -r
configure:6873: checking for objdump
configure:6889: found /usr/bin/objdump
configure:6900: result: objdump
configure:6932: checking how to recognize dependent libraries
configure:7130: result: pass_all
configure:7215: checking for dlltool
configure:7245: result: no
configure:7275: checking how to associate runtime and link libraries
configure:7302: result: printf %s\n
configure:7363: checking for ar
configure:7379: found /usr/bin/ar
configure:7390: result: ar
configure:7427: checking for archiver @FILE support
configure:7444: cc -c  -g  conftest.c >&5
configure:7444: $? = 0
configure:7447: ar cru libconftest.a @conftest.lst >&5
ar: `u' modifier ignored since `D' is the default (see `U')
configure:7450: $? = 0
configure:7455: ar cru libconftest.a @conftest.lst >&5
ar: `u' modifier ignored since `D' is the default (see `U')
ar: conftest.o: No such file or directory
configure:7458: $? = 1
configure:7470: result: @
configure:7528: checking for strip
configure:7544: found /usr/bin/strip
configure:7555: result: strip
configure:7627: checking for ranlib
configure:7643: found /usr/bin/ranlib
configure:7654: result: ranlib
configure:7756: checking command to parse /usr/bin/nm -B output from cc object
configure:7876: cc -c  -g  conftest.c >&5
configure:7879: $? = 0
configure:7883: /usr/bin/nm -B conftest.o \| sed -n -e 's/^.*[ ]\([ABCDGIRSTW][ABCDGIRSTW]*\)[ ][ ]*\([_A-Za-z][_A-Za-z0-9]*\)$/\1 \2 \2/p' | sed '/ __gnu_lto/d' \> conftest.nm
configure:7886: $? = 0
configure:7952: cc -o conftest  -g   conftest.c conftstm.o >&5
configure:7955: $? = 0
configure:7993: result: ok
configure:8030: checking for sysroot
configure:8060: result: no
configure:8137: cc -c  -g  conftest.c >&5
configure:8140: $? = 0
configure:8329: checking for mt
configure:8345: found /bin/mt
configure:8356: result: mt
configure:8379: checking if mt is a manifest tool
configure:8385: mt '-?'
configure:8393: result: no
configure:9031: checking for ANSI C header files
configure:9051: cc -c  -g  conftest.c >&5
configure:9051: $? = 0
configure:9124: cc -o conftest  -g   conftest.c  >&5
configure:9124: $? = 0
configure:9124: ./conftest
configure:9124: $? = 0
configure:9135: result: yes
configure:9148: checking for sys/types.h
configure:9148: cc -c  -g  conftest.c >&5
configure:9148: $? = 0
configure:9148: result: yes
configure:9148: checking for sys/stat.h
configure:9148: cc -c  -g  conftest.c >&5
configure:9148: $? = 0
configure:9148: result: yes
configure:9148: checking for stdlib.h
configure:9148: cc -c  -g  conftest.c >&5
configure:9148: $? = 0
configure:9148: result: yes
configure:9148: checking for string.h
configure:9148: cc -c  -g  conftest.c >&5
configure:9148: $? = 0
configure:9148: result: yes
configure:9148: checking for memory.h
configure:9148: cc -c  -g  conftest.c >&5
configure:9148: $? = 0
configure:9148: result: yes
configure:9148: checking for strings.h
configure:9148: cc -c  -g  conftest.c >&5
configure:9148: $? = 0
configure:9148: result: yes
configure:9148: checking for inttypes.h
configure:9148: cc -c  -g  conftest.c >&5
configure:9148: $? = 0
configure:9148: result: yes
configure:9148: checking for stdint.h
configure:9148: cc -c  -g  conftest.c >&5
configure:9148: $? = 0
configure:9148: result: yes
configure:9148: checking for unistd.h
configure:9148: cc -c  -g  conftest.c >&5
configure:9148: $? = 0
configure:9148: result: yes
configure:9162: checking for dlfcn.h
configure:9162: cc -c  -g  conftest.c >&5
configure:9162: $? = 0
configure:9162: result: yes
configure:9379: checking for objdir
configure:9394: result: .libs
configure:9665: checking if cc supports -fno-rtti -fno-exceptions
configure:9683: cc -c  -g  -fno-rtti -fno-exceptions conftest.c >&5
cc1: warning: command line option '-fno-rtti' is valid for C++/ObjC++ but not for C
configure:9687: $? = 0
configure:9700: result: no
configure:10027: checking for cc option to produce PIC
configure:10034: result: -fPIC -DPIC
configure:10042: checking if cc PIC flag -fPIC -DPIC works
configure:10060: cc -c  -g  -fPIC -DPIC -DPIC conftest.c >&5
configure:10064: $? = 0
configure:10077: result: yes
configure:10106: checking if cc static flag -static works
configure:10134: result: yes
configure:10149: checking if cc supports -c -o file.o
configure:10170: cc -c  -g  -o out/conftest2.o conftest.c >&5
configure:10174: $? = 0
configure:10196: result: yes
configure:10204: checking if cc supports -c -o file.o
configure:10251: result: yes
configure:10284: checking whether the cc linker (/usr/bin/ld -m elf_x86_64) supports shared libraries
configure:11441: result: yes
configure:11478: checking whether -lc should be explicitly linked in
configure:11486: cc -c  -g  conftest.c >&5
configure:11489: $? = 0
configure:11504: cc -shared  -fPIC -DPIC conftest.o  -v -Wl,-soname -Wl,conftest -o conftest 2\>\&1 \| /bin/grep  -lc  \>/dev/null 2\>\&1
configure:11507: $? = 0
configure:11521: result: no
configure:11681: checking dynamic linker characteristics
configure:12181: cc -o conftest  -g   -Wl,-rpath -Wl,/foo conftest.c  >&5
configure:12181: $? = 0
configure:12415: result: GNU/Linux ld.so
configure:12522: checking how to hardcode library paths into programs
configure:12547: result: immediate
configure:13087: checking whether stripping libraries is possible
configure:13092: result: yes
configure:13127: checking if libtool supports shared libraries
configure:13129: result: yes
configure:13132: checking whether to build shared libraries
configure:13153: result: yes
configure:13156: checking whether to build static libraries
configure:13160: result: yes
configure:13183: checking how to run the C++ preprocessor
configure:13210: g++ -E  conftest.cpp
configure:13210: $? = 0
configure:13224: g++ -E  conftest.cpp
conftest.cpp:23:10: fatal error: ac_nonexistent.h: No such file or directory
 #include <ac_nonexistent.h>
          ^~~~~~~~~~~~~~~~~~
compilation terminated.
configure:13224: $? = 1
configure: failed program was:
| /* confdefs.h */
| #define PACKAGE_NAME "corsika"
| #define PACKAGE_TARNAME "corsika"
| #define PACKAGE_VERSION "76900"
| #define PACKAGE_STRING "corsika 76900"
| #define PACKAGE_BUGREPORT ""
| #define PACKAGE_URL ""
| #define PACKAGE "corsika"
| #define VERSION "76900"
| #define STDC_HEADERS 1
| #define HAVE_SYS_TYPES_H 1
| #define HAVE_SYS_STAT_H 1
| #define HAVE_STDLIB_H 1
| #define HAVE_STRING_H 1
| #define HAVE_MEMORY_H 1
| #define HAVE_STRINGS_H 1
| #define HAVE_INTTYPES_H 1
| #define HAVE_STDINT_H 1
| #define HAVE_UNISTD_H 1
| #define HAVE_DLFCN_H 1
| #define LT_OBJDIR ".libs/"
| /* end confdefs.h.  */
| #include <ac_nonexistent.h>
configure:13249: result: g++ -E
configure:13269: g++ -E  conftest.cpp
configure:13269: $? = 0
configure:13283: g++ -E  conftest.cpp
conftest.cpp:23:10: fatal error: ac_nonexistent.h: No such file or directory
 #include <ac_nonexistent.h>
          ^~~~~~~~~~~~~~~~~~
compilation terminated.
configure:13283: $? = 1
configure: failed program was:
| /* confdefs.h */
| #define PACKAGE_NAME "corsika"
| #define PACKAGE_TARNAME "corsika"
| #define PACKAGE_VERSION "76900"
| #define PACKAGE_STRING "corsika 76900"
| #define PACKAGE_BUGREPORT ""
| #define PACKAGE_URL ""
| #define PACKAGE "corsika"
| #define VERSION "76900"
| #define STDC_HEADERS 1
| #define HAVE_SYS_TYPES_H 1
| #define HAVE_SYS_STAT_H 1
| #define HAVE_STDLIB_H 1
| #define HAVE_STRING_H 1
| #define HAVE_MEMORY_H 1
| #define HAVE_STRINGS_H 1
| #define HAVE_INTTYPES_H 1
| #define HAVE_STDINT_H 1
| #define HAVE_UNISTD_H 1
| #define HAVE_DLFCN_H 1
| #define LT_OBJDIR ".libs/"
| /* end confdefs.h.  */
| #include <ac_nonexistent.h>
configure:13452: checking for ld used by g++
configure:13519: result: /usr/bin/ld -m elf_x86_64
configure:13526: checking if the linker (/usr/bin/ld -m elf_x86_64) is GNU ld
configure:13541: result: yes
configure:13596: checking whether the g++ linker (/usr/bin/ld -m elf_x86_64) supports shared libraries
configure:14598: result: yes
configure:14634: g++ -c  -Wall  conftest.cpp >&5
configure:14637: $? = 0
configure:15157: checking for g++ option to produce PIC
configure:15164: result: -fPIC -DPIC
configure:15172: checking if g++ PIC flag -fPIC -DPIC works
configure:15190: g++ -c  -Wall  -fPIC -DPIC -DPIC conftest.cpp >&5
configure:15194: $? = 0
configure:15207: result: yes
configure:15230: checking if g++ static flag -static works
configure:15258: result: yes
configure:15270: checking if g++ supports -c -o file.o
configure:15291: g++ -c  -Wall  -o out/conftest2.o conftest.cpp >&5
configure:15295: $? = 0
configure:15317: result: yes
configure:15322: checking if g++ supports -c -o file.o
configure:15369: result: yes
configure:15399: checking whether the g++ linker (/usr/bin/ld -m elf_x86_64) supports shared libraries
configure:15438: result: yes
configure:15579: checking dynamic linker characteristics
configure:16247: result: GNU/Linux ld.so
configure:16300: checking how to hardcode library paths into programs
configure:16325: result: immediate
configure:16473: checking if libtool supports shared libraries
configure:16475: result: yes
configure:16478: checking whether to build shared libraries
configure:16498: result: yes
configure:16501: checking whether to build static libraries
configure:16505: result: yes
configure:16826: checking for gfortran option to produce PIC
configure:16833: result: -fPIC
configure:16841: checking if gfortran PIC flag -fPIC works
configure:16859: gfortran -c  -g -fPIC conftest.f >&5
configure:16863: $? = 0
configure:16876: result: yes
configure:16899: checking if gfortran static flag -static works
configure:16927: result: yes
configure:16939: checking if gfortran supports -c -o file.o
configure:16960: gfortran -c  -g -o out/conftest2.o conftest.f >&5
configure:16964: $? = 0
configure:16986: result: yes
configure:16991: checking if gfortran supports -c -o file.o
configure:17038: result: yes
configure:17068: checking whether the gfortran linker (/usr/bin/ld -m elf_x86_64) supports shared libraries
configure:18175: result: yes
configure:18316: checking dynamic linker characteristics
configure:18978: result: GNU/Linux ld.so
configure:19031: checking how to hardcode library paths into programs
configure:19056: result: immediate
configure:19131: checking to make dist
configure:19138: result: no
configure:19255: checking 32 bits compatibility
configure:19276: gfortran -o conftest  -g -std=legacy -m32  -D_FILE_OFFSET_BITS=64 conftest.f  >&5
/usr/bin/ld: cannot find Scrt1.o: No such file or directory
/usr/bin/ld: cannot find crti.o: No such file or directory
/usr/bin/ld: skipping incompatible /usr/lib/gcc/x86_64-linux-gnu/7/libgfortran.so when searching for -lgfortran
/usr/bin/ld: skipping incompatible /usr/lib/gcc/x86_64-linux-gnu/7/libgfortran.a when searching for -lgfortran
/usr/bin/ld: cannot find -lgfortran
/usr/bin/ld: skipping incompatible //usr/lib/x86_64-linux-gnu/libm.so when searching for -lm
/usr/bin/ld: skipping incompatible //usr/lib/x86_64-linux-gnu/libm.a when searching for -lm
/usr/bin/ld: cannot find -lm
/usr/bin/ld: skipping incompatible /usr/lib/gcc/x86_64-linux-gnu/7/libgcc.a when searching for -lgcc
/usr/bin/ld: cannot find -lgcc
collect2: error: ld returned 1 exit status
configure:19276: $? = 1
configure: failed program was:
|       program main
| 
|       end
configure:19284: result: no
configure:19423: checking for stdint.h
configure:19423: result: yes
configure:19462: checking explicitly use the -m32 flag
configure:19469: result: no
configure:19556: checking explicitly use the -frecord-marker=4 flag
configure:19563: result: no
configure:19634: checking detector geometry
configure:19653: result: horizontal
configure:19702: checking time library
configure:19771: gfortran -o conftest  -g -std=legacy  -D_FILE_OFFSET_BITS=64 conftest.f  >&5
f951: Error: Unexpected end of file in 'conftest.f'
configure:19771: $? = 1
configure: failed program was:
| 
|                             CHARACTER*8      YYYYMMDD
|                             CHARACTER*10     HHMMSS
|                             CALL DATE_AND_TIME( YYYYMMDD, HHMMSS )
| 
configure:19801: cc -c  -g -D_FILE_OFFSET_BITS=64  conftest.c >&5
configure:19801: $? = 0
configure:19806: result: rc
configure:20099: checking high energy model
configure:20177: result: qgsjet01
configure:20309: checking for fluka
configure:20331: result: no
configure:20406: checking low energy model
configure:20452: result: gheisha
configure:20528: checking for thinning
configure:20535: result: no
configure:20599: checking for Cherenkov grid detector
configure:20606: result: no
configure:20669: checking for bernlohr
configure:20691: result: no
configure:20726: checking for Cherenkov telescope detector
configure:20733: result: no
configure:20818: checking new Cherenkov counting
configure:20825: result: no
configure:20889: checking no cherenkov longitudinla profile
configure:20896: result: no
configure:20960: checking Cherenkov wavelength dependent
configure:20967: result: no
configure:21031: checking simulate telescope detector
configure:21038: result: no
configure:21102: checking for external IACT Cherenkov file
configure:21109: result: no
configure:21177: checking external atmosphere
configure:21184: result: no
configure:21274: checking for multiple thinning
configure:21281: result: no
configure:21345: checking neutrino primaries
configure:21352: result: no
configure:21416: checking ICECUBE FiFo
configure:21423: result: no
configure:21487: checking ICECUBE gzip/pipe output
configure:21494: result: no
configure:21559: checking BAACK modules with C++0x option
configure:21566: result: no
configure:21633: checking BAACK modules with C++11 option
configure:21640: result: no
configure:21707: checking BAACK modules with C++14 option
configure:21714: result: no
configure:21781: checking BAACK modules with C++1z option
configure:21788: result: no
configure:21854: checking for BAACK
configure:21876: result: no
configure:21894: checking DYNamic particle STACK
configure:21901: result: no
configure:22002: checking emulation of normal stack
configure:22009: result: no
configure:22073: checking stores every saved particle to file
configure:22080: result: no
configure:22144: checking reimplementation of the ICECUBE1 module
configure:22151: result: no
configure:22215: checking user defined intermediate particle stack
configure:22222: result: no
configure:22286: checking Remote acces to corsika
configure:22293: result: no
configure:22396: checking plot shower
configure:22403: result: no
configure:22469: checking plot shower C
configure:22476: result: no
configure:22704: checking for cernlib
configure:22726: result: no
configure:22796: checking interaction test
configure:22803: result: no
configure:22878: checking slant profile
configure:22885: result: no
configure:22949: checking curved atmosphere
configure:22956: result: no
configure:23020: checking upward particles
configure:23027: result: no
configure:23091: checking viewcone
configure:23098: result: no
configure:23162: checking cerenkov longitudinal profile
configure:23169: result: no
configure:23233: checking photon preshower
configure:23240: result: no
configure:23342: checking MUPROD
configure:23349: result: no
configure:23413: checking compact output
configure:23420: result: no
configure:23484: checking annitest
configure:23491: result: no
configure:23555: checking LPM effect
configure:23562: result: no
configure:23626: checking stack input
configure:23633: result: no
configure:23696: checking for pythia
configure:23718: result: no
configure:23742: checking pythia charm production
configure:23749: result: no
configure:23824: checking for herwig
configure:23846: result: no
configure:23874: checking herwig neutrino production (NUPRIM)
configure:23881: result: no
configure:23955: checking augerhit
configure:23962: result: no
configure:24027: checking pythia tau lepton production
configure:24034: result: no
configure:24110: checking particle history
configure:24117: result: no
configure:24181: checking trajectory
configure:24188: result: no
configure:24252: checking electrical field
configure:24259: result: no
configure:24361: checking rigidity
configure:24368: result: no
configure:24431: checking for root
configure:24453: result: no
configure:24554: checking particle output in root file
configure:24561: result: no
configure:24643: checking machine independent output
configure:24650: result: no
configure:24722: checking for COASTUSERLIB
configure:24744: result: no
configure:24783: checking External COAST user library
configure:24790: result: no
configure:24886: checking CoREAS radio simulations
configure:24893: result: no
configure:24968: checking Inclined observation level
configure:24975: result: no
configure:25051: checking for conex
configure:25073: result: no
configure:25188: checking CONEX cascade equation (CONEX)
configure:25195: result: no
configure:25275: checking produce analysis histograms
configure:25282: result: no
configure:25354: checking augerinfo
configure:25361: result: no
configure:25425: checking augerhist
configure:25432: result: no
configure:25504: checking muonhist
configure:25511: result: no
configure:25584: checking parallel computation
configure:25591: result: no
configure:25656: checking for mpirunner_lib
configure:25678: result: no
configure:25897: checking parallel computation with MPI
configure:25904: result: no
configure:25977: checking do not compile binaries, just extract CORSIKA compilefile
configure:25984: result: no
configure:26048: checking to keep the CORSIKA compilefile
configure:26055: result: no
configure:26466: checking that generated files are newer than configure
configure:26472: result: done
configure:26847: creating ./config.status

## ---------------------- ##
## Running config.status. ##
## ---------------------- ##

This file was extended by corsika config.status 76900, which was
generated by GNU Autoconf 2.69.  Invocation command line was

  CONFIG_FILES    = 
  CONFIG_HEADERS  = 
  CONFIG_LINKS    = 
  CONFIG_COMMANDS = 
  $ ./config.status 

on Hyper-Abacus

config.status:1464: creating Makefile
config.status:1464: creating baack/Makefile
config.status:1464: creating bernlohr/Makefile
config.status:1464: creating conex/Makefile
config.status:1464: creating dpmjet/Makefile
config.status:1464: creating epos/Makefile
config.status:1464: creating pythia/Makefile
config.status:1464: creating herwig/Makefile
config.status:1464: creating nexus/Makefile
config.status:1464: creating urqmd/Makefile
config.status:1464: creating src/Makefile
config.status:1464: creating run/Makefile
config.status:1464: creating doc/Makefile
config.status:1464: creating lib/Makefile
config.status:1464: creating coast/Makefile
config.status:1464: creating coast/Documentation/Makefile
config.status:1464: creating coast/CorsikaOptions/rootout/Makefile
config.status:1464: creating coast/CorsikaOptions/CoREAS/Makefile
config.status:1464: creating coast/CorsikaOptions/Makefile
config.status:1464: creating coast/CorsikaOptions/InclinedPlane/Makefile
config.status:1464: creating coast/CorsikaFileIO/Makefile
config.status:1464: creating coast/CorsikaInterface/Makefile
config.status:1464: creating coast/CorsikaToROOT/Makefile
config.status:1464: creating coast/CorsikaROOT/Makefile
config.status:1464: creating coast/CorsikaIntern/Makefile
config.status:1464: creating include/config.h
config.status:1693: executing depfiles commands
config.status:1693: executing libtool commands

## ---------------- ##
## Cache variables. ##
## ---------------- ##

ac_cv_build=x86_64-unknown-linux-gnu
ac_cv_c_compiler_gnu=yes
ac_cv_cxx_compiler_gnu=yes
ac_cv_env_CCC_set=
ac_cv_env_CCC_value=
ac_cv_env_CC_set=
ac_cv_env_CC_value=
ac_cv_env_CFLAGS_set=
ac_cv_env_CFLAGS_value=
ac_cv_env_CORDETECTOR_set=set
ac_cv_env_CORDETECTOR_value=HORIZONTAL
ac_cv_env_CORHEMODEL_set=set
ac_cv_env_CORHEMODEL_value=QGSJET01
ac_cv_env_CORLEMODEL_set=set
ac_cv_env_CORLEMODEL_value=GHEISHA
ac_cv_env_CORTIMELIB_set=set
ac_cv_env_CORTIMELIB_value=TIMEAUTO
ac_cv_env_CPPFLAGS_set=
ac_cv_env_CPPFLAGS_value=
ac_cv_env_CPP_set=
ac_cv_env_CPP_value=
ac_cv_env_CXXCPP_set=
ac_cv_env_CXXCPP_value=
ac_cv_env_CXXFLAGS_set=
ac_cv_env_CXXFLAGS_value=
ac_cv_env_CXX_set=
ac_cv_env_CXX_value=
ac_cv_env_F77_set=
ac_cv_env_F77_value=
ac_cv_env_FFLAGS_set=
ac_cv_env_FFLAGS_value=
ac_cv_env_LDFLAGS_set=
ac_cv_env_LDFLAGS_value=
ac_cv_env_LIBS_set=
ac_cv_env_LIBS_value=
ac_cv_env_MPICC_set=
ac_cv_env_MPICC_value=
ac_cv_env_build_alias_set=
ac_cv_env_build_alias_value=
ac_cv_env_host_alias_set=
ac_cv_env_host_alias_value=
ac_cv_env_target_alias_set=
ac_cv_env_target_alias_value=
ac_cv_f77_compiler_gnu=yes
ac_cv_f77_libs=' -L/usr/lib/gcc/x86_64-linux-gnu/7 -L/usr/lib/gcc/x86_64-linux-gnu/7/../../../x86_64-linux-gnu -L/usr/lib/gcc/x86_64-linux-gnu/7/../../../../lib -L/lib/x86_64-linux-gnu -L/lib/../lib -L/usr/lib/x86_64-linux-gnu -L/usr/lib/../lib -L/usr/lib/gcc/x86_64-linux-gnu/7/../../.. -lgfortran -lm -lquadmath'
ac_cv_header_dlfcn_h=yes
ac_cv_header_inttypes_h=yes
ac_cv_header_memory_h=yes
ac_cv_header_stdc=yes
ac_cv_header_stdint_h=yes
ac_cv_header_stdlib_h=yes
ac_cv_header_string_h=yes
ac_cv_header_strings_h=yes
ac_cv_header_sys_stat_h=yes
ac_cv_header_sys_types_h=yes
ac_cv_header_unistd_h=yes
ac_cv_host=x86_64-unknown-linux-gnu
ac_cv_objext=o
ac_cv_path_EGREP='/bin/grep -E'
ac_cv_path_FGREP='/bin/grep -F'
ac_cv_path_GREP=/bin/grep
ac_cv_path_SED=/bin/sed
ac_cv_path_install='/usr/bin/install -c'
ac_cv_path_mkdir=/bin/mkdir
ac_cv_prog_AWK=gawk
ac_cv_prog_CPP=cpp
ac_cv_prog_CXXCPP='g++ -E'
ac_cv_prog_ac_ct_AR=ar
ac_cv_prog_ac_ct_CC=cc
ac_cv_prog_ac_ct_CXX=g++
ac_cv_prog_ac_ct_F77=gfortran
ac_cv_prog_ac_ct_MANIFEST_TOOL=mt
ac_cv_prog_ac_ct_OBJDUMP=objdump
ac_cv_prog_ac_ct_RANLIB=ranlib
ac_cv_prog_ac_ct_STRIP=strip
ac_cv_prog_cc_c89=
ac_cv_prog_cc_g=yes
ac_cv_prog_cxx_g=yes
ac_cv_prog_f77_g=yes
ac_cv_prog_f77_v=-v
ac_cv_prog_make_make_set=yes
am_cv_CC_dependencies_compiler_type=gcc3
am_cv_CXX_dependencies_compiler_type=gcc3
am_cv_make_support_nested_variables=yes
am_cv_prog_cc_c_o=yes
corsika_cv_enable_ANAHIST=no
corsika_cv_enable_ANNITEST=no
corsika_cv_enable_ATMEXT=no
corsika_cv_enable_AUGCERLONG=no
corsika_cv_enable_AUGERHIST=no
corsika_cv_enable_AUGERHIT=no
corsika_cv_enable_AUGERINFO=no
corsika_cv_enable_BAACKC0X=no
corsika_cv_enable_BAACKC11=no
corsika_cv_enable_BAACKC14=no
corsika_cv_enable_BAACKC1Z=no
corsika_cv_enable_CEFFIC=no
corsika_cv_enable_CERENKOV=no
corsika_cv_enable_CERWLEN=no
corsika_cv_enable_CHARM=no
corsika_cv_enable_COASTUSERLIB=no
corsika_cv_enable_COMPACT=no
corsika_cv_enable_CONEX=no
corsika_cv_enable_COREAS=no
corsika_cv_enable_CURVED=no
corsika_cv_enable_DEV=no
corsika_cv_enable_DIST=no
corsika_cv_enable_DYNCUSTOM=no
corsika_cv_enable_DYNDEFAULT=no
corsika_cv_enable_DYNICECUBE=no
corsika_cv_enable_DYNOUTPUT=no
corsika_cv_enable_DYNSTACK=no
corsika_cv_enable_EFIELD=no
corsika_cv_enable_EHISTORY=no
corsika_cv_enable_HERWIG=no
corsika_cv_enable_IACT=no
corsika_cv_enable_IACTEXT=no
corsika_cv_enable_ICECUBE1=no
corsika_cv_enable_ICECUBE2=no
corsika_cv_enable_INCLINED=no
corsika_cv_enable_INTCLONG=no
corsika_cv_enable_INTTEST=no
corsika_cv_enable_KEEPSOURCE=no
corsika_cv_enable_LPM=no
corsika_cv_enable_M32=no
corsika_cv_enable_MACHINEINDEPENDENT=no
corsika_cv_enable_MULTITHIN=no
corsika_cv_enable_MUONHIST=no
corsika_cv_enable_MUPROD=no
corsika_cv_enable_NEUTRINO=no
corsika_cv_enable_NOCLONG=no
corsika_cv_enable_NOCOMPILE=no
corsika_cv_enable_OUT32=no
corsika_cv_enable_PARALLEL=no
corsika_cv_enable_PARALLELIB=no
corsika_cv_enable_PLOTSH2=no
corsika_cv_enable_PLOTSH=no
corsika_cv_enable_PRESHOWER=no
corsika_cv_enable_REMOTECONTROL=no
corsika_cv_enable_RIGIDITY=no
corsika_cv_enable_ROOTOUT=no
corsika_cv_enable_SLANT=no
corsika_cv_enable_STACKIN=no
corsika_cv_enable_TAULEP=no
corsika_cv_enable_THIN=no
corsika_cv_enable_TRAJECT=no
corsika_cv_enable_UPWARD=no
corsika_cv_enable_VIEWCONE=no
corsika_cv_enable_debug=yes
corsika_cv_root_BAACK=no
corsika_cv_root_COASTUSERLIB=no
corsika_cv_root_bernlohr=no
corsika_cv_root_cernlib=no
corsika_cv_root_conex=no
corsika_cv_root_fluka=no
corsika_cv_root_herwig=no
corsika_cv_root_mpirunner_lib=no
corsika_cv_root_pythia=no
corsika_cv_root_root=no
lt_cv_ar_at_file=@
lt_cv_archive_cmds_need_lc=no
lt_cv_deplibs_check_method=pass_all
lt_cv_file_magic_cmd='$MAGIC_CMD'
lt_cv_file_magic_test_file=
lt_cv_ld_reload_flag=-r
lt_cv_nm_interface='BSD nm'
lt_cv_objdir=.libs
lt_cv_path_LD=/usr/bin/ld
lt_cv_path_LDCXX='/usr/bin/ld -m elf_x86_64'
lt_cv_path_NM='/usr/bin/nm -B'
lt_cv_path_mainfest_tool=no
lt_cv_prog_compiler_c_o=yes
lt_cv_prog_compiler_c_o_CXX=yes
lt_cv_prog_compiler_c_o_F77=yes
lt_cv_prog_compiler_pic='-fPIC -DPIC'
lt_cv_prog_compiler_pic_CXX='-fPIC -DPIC'
lt_cv_prog_compiler_pic_F77=-fPIC
lt_cv_prog_compiler_pic_works=yes
lt_cv_prog_compiler_pic_works_CXX=yes
lt_cv_prog_compiler_pic_works_F77=yes
lt_cv_prog_compiler_rtti_exceptions=no
lt_cv_prog_compiler_static_works=yes
lt_cv_prog_compiler_static_works_CXX=yes
lt_cv_prog_compiler_static_works_F77=yes
lt_cv_prog_gnu_ld=yes
lt_cv_prog_gnu_ldcxx=yes
lt_cv_sharedlib_from_linklib_cmd='printf %s\n'
lt_cv_shlibpath_overrides_runpath=yes
lt_cv_sys_global_symbol_pipe='sed -n -e '\''s/^.*[	 ]\([ABCDGIRSTW][ABCDGIRSTW]*\)[	 ][	 ]*\([_A-Za-z][_A-Za-z0-9]*\)$/\1 \2 \2/p'\'' | sed '\''/ __gnu_lto/d'\'''
lt_cv_sys_global_symbol_to_c_name_address='sed -n -e '\''s/^: \([^ ]*\)[ ]*$/  {\"\1\", (void *) 0},/p'\'' -e '\''s/^[ABCDGIRSTW]* \([^ ]*\) \([^ ]*\)$/  {"\2", (void *) \&\2},/p'\'''
lt_cv_sys_global_symbol_to_c_name_address_lib_prefix='sed -n -e '\''s/^: \([^ ]*\)[ ]*$/  {\"\1\", (void *) 0},/p'\'' -e '\''s/^[ABCDGIRSTW]* \([^ ]*\) \(lib[^ ]*\)$/  {"\2", (void *) \&\2},/p'\'' -e '\''s/^[ABCDGIRSTW]* \([^ ]*\) \([^ ]*\)$/  {"lib\2", (void *) \&\2},/p'\'''
lt_cv_sys_global_symbol_to_cdecl='sed -n -e '\''s/^T .* \(.*\)$/extern int \1();/p'\'' -e '\''s/^[ABCDGIRSTW]* .* \(.*\)$/extern char \1;/p'\'''
lt_cv_sys_max_cmd_len=1572864
lt_cv_to_host_file_cmd=func_convert_file_noop
lt_cv_to_tool_file_cmd=func_convert_file_noop

## ----------------- ##
## Output variables. ##
## ----------------- ##

ACLOCAL='${SHELL} /home/groot/corsika/corsika7/corsika-76900/config/missing aclocal-1.14'
AMDEPBACKSLASH='\'
AMDEP_FALSE='#'
AMDEP_TRUE=''
AMTAR='$${TAR-tar}'
AM_BACKSLASH='\'
AM_DEFAULT_V='$(AM_DEFAULT_VERBOSITY)'
AM_DEFAULT_VERBOSITY='1'
AM_V='$(V)'
AR='ar'
AUTOCONF='${SHELL} /home/groot/corsika/corsika7/corsika-76900/config/missing autoconf'
AUTOHEADER='${SHELL} /home/groot/corsika/corsika7/corsika-76900/config/missing autoheader'
AUTOMAKE='${SHELL} /home/groot/corsika/corsika7/corsika-76900/config/missing automake-1.14'
AWK='gawk'
BAACKLIBS=''
BAACK_CPPFLAGS='  -Wall -D_FILE_OFFSET_BITS=64'
BAACK_WITHBENCH_FALSE=''
BAACK_WITHBENCH_TRUE='#'
BAACK_WITHTEST_FALSE=''
BAACK_WITHTEST_TRUE='#'
BAACK_WITH_DYNSTACK_FALSE=''
BAACK_WITH_DYNSTACK_TRUE='#'
BAACK_WITH_REMOTECONTROL_FALSE=''
BAACK_WITH_REMOTECONTROL_TRUE='#'
BERNIACTEXT_CPPFLAGS=''
BERNLIBS=''
BERNNOATMEXT_CPPFLAGS='-DNO_EXTERNAL_ATMOSPHERES'
BERN_CFLAGS=''
BERN_CPPFLAGS=''
BOOST_PROGRAM_OPTIONS_LIB=''
CAT_CMD='cat -s'
CC='cc'
CCDEPMODE='depmode=gcc3'
CCLD='cc'
CFLAGS=' -g -D_FILE_OFFSET_BITS=64'
COAST_DIR='coast'
COAST_INTERNAL_FALSE='#'
COAST_INTERNAL_TRUE=''
COAST_LIBS=''
COAST_USER_LIB=''
CONEX_CPPFLAGS=''
CONEX_DIR=''
CONEX_FFLAGS=''
CONEX_LIB=''
CONEX_PARAM=''
CORDETECTOR='HORIZONTAL'
CORHEMODEL='QGSJET01'
CORLEMODEL='GHEISHA'
CORSIKA_FFLAGS='-O0'
CORSIKA_LIBS='-L/home/groot/corsika/corsika7/corsika-76900/lib/unknown '
CORSIKA_LIB_DIR='/home/groot/corsika/corsika7/corsika-76900/lib/unknown'
CORSIKA_NAME='corsika76900Linux_QGSJET_gheisha'
CORSIKA_SUBDIRS='src .'
CORTIMELIB='TIMEAUTO'
CPP='cpp'
CPPFLAGS=''
CXCOMP_FILE=''
CXX='g++'
CXXCPP='g++ -E'
CXXDEPMODE='depmode=gcc3'
CXXFLAGS=' -Wall -D_FILE_OFFSET_BITS=64'
CYGPATH_W='echo'
DEFS='-DHAVE_CONFIG_H'
DEPDIR='.deps'
DLLTOOL='false'
DPM_FFLAGS=''
DSYMUTIL=''
DUMPBIN=''
ECHO_C=''
ECHO_N='-n'
ECHO_T=''
EFIELD_CFLAGS=''
EGREP='/bin/grep -E'
EPOS_FFLAGS=''
EXEEXT=''
F77='gfortran'
FFLAGS=' -g -std=legacy'
FGREP='/bin/grep -F'
FLIBS=' -L/usr/lib/gcc/x86_64-linux-gnu/7 -L/usr/lib/gcc/x86_64-linux-gnu/7/../../../x86_64-linux-gnu -L/usr/lib/gcc/x86_64-linux-gnu/7/../../../../lib -L/lib/x86_64-linux-gnu -L/lib/../lib -L/usr/lib/x86_64-linux-gnu -L/usr/lib/../lib -L/usr/lib/gcc/x86_64-linux-gnu/7/../../.. -lgfortran -lm -lquadmath'
FLUKA_FFLAGS='-lm'
FLUKA_LIBS=''
FLUPRO=''
GREP='/bin/grep'
HAVE_BOOST_PROGRAM_OPTIONS_FALSE=''
HAVE_BOOST_PROGRAM_OPTIONS_TRUE='#'
HAVE_DOXYGEN_FALSE=''
HAVE_DOXYGEN_TRUE='#'
HAVE_ROOT_FALSE=''
HAVE_ROOT_TRUE='#'
HERWIG_DIR=''
HIMODEL='_QGSJET'
INSTALL_DATA='${INSTALL} -m 644'
INSTALL_PROGRAM='${INSTALL}'
INSTALL_SCRIPT='${INSTALL}'
INSTALL_STRIP_PROGRAM='$(install_sh) -c -s'
LD='/usr/bin/ld -m elf_x86_64'
LDFLAGS=' -D_FILE_OFFSET_BITS=64'
LIBOBJS=''
LIBS=''
LIBTOOL='$(SHELL) $(top_builddir)/libtool'
LIPO=''
LN_S='ln -s'
LTLIBOBJS=''
MAINT='#'
MAINTAINER_MODE_FALSE=''
MAINTAINER_MODE_TRUE='#'
MAKEINFO='${SHELL} /home/groot/corsika/corsika7/corsika-76900/config/missing makeinfo'
MANIFEST_TOOL=':'
MAP2PNG=''
MKDIR_P='/bin/mkdir -p'
MODEL_LIBS=''
MPICC=''
MPILIBS=''
MPIRUNNER_LIBS=''
NEXUS_FFLAGS=''
NM='/usr/bin/nm -B'
NMEDIT=''
OBJDUMP='objdump'
OBJEXT='o'
OTOOL64=''
OTOOL=''
PACKAGE='corsika'
PACKAGE_BUGREPORT=''
PACKAGE_NAME='corsika'
PACKAGE_STRING='corsika 76900'
PACKAGE_TARNAME='corsika'
PACKAGE_URL=''
PACKAGE_VERSION='76900'
PATH_SEPARATOR=':'
PLOTTRACKS=''
PRECOMPILER_FLAGS='-DHAVE_CONFIG_H -I$(top_srcdir)/include -traditional-cpp'
PRESHOWER_CFLAGS=''
PYTHIA_DIR=''
PYTHIA_FFLAGS=''
PYTHIA_LIB=''
RANLIB='ranlib'
ROOTCINT=''
ROOTSYS='/home/groot/root/v5-34-38'
ROOT_CXXFLAGS=''
ROOT_GLIBS=''
ROOT_LIBDIR=''
ROOT_LIBS=''
SED='/bin/sed'
SET_MAKE=''
SHELL='/bin/bash'
STRIP='strip'
URQMD_FFLAGS='-O3 -Wsurprising'
USE_ANAHIST_FALSE=''
USE_ANAHIST_TRUE='#'
USE_ANNITEST_FALSE=''
USE_ANNITEST_TRUE='#'
USE_ATMEXT_FALSE=''
USE_ATMEXT_TRUE='#'
USE_AUGCERLONG_FALSE=''
USE_AUGCERLONG_TRUE='#'
USE_AUGERHIST_FALSE=''
USE_AUGERHIST_TRUE='#'
USE_AUGERHIT_FALSE=''
USE_AUGERHIT_TRUE='#'
USE_AUGERINFO_FALSE=''
USE_AUGERINFO_TRUE='#'
USE_BAACKC0X_FALSE=''
USE_BAACKC0X_TRUE='#'
USE_BAACKC11_FALSE=''
USE_BAACKC11_TRUE='#'
USE_BAACKC14_FALSE=''
USE_BAACKC14_TRUE='#'
USE_BAACKC1Z_FALSE=''
USE_BAACKC1Z_TRUE='#'
USE_CEFFIC_FALSE=''
USE_CEFFIC_TRUE='#'
USE_CERENKOV_FALSE=''
USE_CERENKOV_TRUE='#'
USE_CERWLEN_FALSE=''
USE_CERWLEN_TRUE='#'
USE_CHARM_FALSE=''
USE_CHARM_TRUE='#'
USE_COASTUSERLIB_FALSE=''
USE_COASTUSERLIB_TRUE='#'
USE_COMPACT_FALSE=''
USE_COMPACT_TRUE='#'
USE_CONEX_FALSE=''
USE_CONEX_TRUE='#'
USE_COREAS_FALSE=''
USE_COREAS_TRUE='#'
USE_CURVED_FALSE=''
USE_CURVED_TRUE='#'
USE_DEV_FALSE=''
USE_DEV_TRUE='#'
USE_DIST_FALSE=''
USE_DIST_TRUE='#'
USE_DPMJET_FALSE=''
USE_DPMJET_TRUE='#'
USE_DYNCUSTOM_FALSE=''
USE_DYNCUSTOM_TRUE='#'
USE_DYNDEFAULT_FALSE=''
USE_DYNDEFAULT_TRUE='#'
USE_DYNICECUBE_FALSE=''
USE_DYNICECUBE_TRUE='#'
USE_DYNOUTPUT_FALSE=''
USE_DYNOUTPUT_TRUE='#'
USE_DYNSTACK_FALSE=''
USE_DYNSTACK_TRUE='#'
USE_EFIELD_FALSE=''
USE_EFIELD_TRUE='#'
USE_EHISTORY_FALSE=''
USE_EHISTORY_TRUE='#'
USE_EPOS_FALSE=''
USE_EPOS_TRUE='#'
USE_FLUKA_FALSE=''
USE_FLUKA_TRUE='#'
USE_GHEISHA_FALSE='#'
USE_GHEISHA_TRUE=''
USE_HERWIG_FALSE=''
USE_HERWIG_TRUE='#'
USE_IACTEXT_FALSE=''
USE_IACTEXT_TRUE='#'
USE_IACT_FALSE=''
USE_IACT_TRUE='#'
USE_ICECUBE1_FALSE=''
USE_ICECUBE1_TRUE='#'
USE_ICECUBE2_FALSE=''
USE_ICECUBE2_TRUE='#'
USE_INCLINED_FALSE=''
USE_INCLINED_TRUE='#'
USE_INTCLONG_FALSE=''
USE_INTCLONG_TRUE='#'
USE_INTTEST_FALSE=''
USE_INTTEST_TRUE='#'
USE_KEEPSOURCE_FALSE=''
USE_KEEPSOURCE_TRUE='#'
USE_LPM_FALSE=''
USE_LPM_TRUE='#'
USE_M32_FALSE=''
USE_M32_TRUE='#'
USE_MACHINEINDEPENDENT_FALSE=''
USE_MACHINEINDEPENDENT_TRUE='#'
USE_MULTITHIN_FALSE=''
USE_MULTITHIN_TRUE='#'
USE_MUONHIST_FALSE=''
USE_MUONHIST_TRUE='#'
USE_MUPROD_FALSE=''
USE_MUPROD_TRUE='#'
USE_NEUTRINO_FALSE=''
USE_NEUTRINO_TRUE='#'
USE_NEXUS_FALSE=''
USE_NEXUS_TRUE='#'
USE_NOCLONG_FALSE=''
USE_NOCLONG_TRUE='#'
USE_NOCOMPILE_FALSE=''
USE_NOCOMPILE_TRUE='#'
USE_OUT32_FALSE=''
USE_OUT32_TRUE='#'
USE_PARALLELIB_FALSE=''
USE_PARALLELIB_TRUE='#'
USE_PARALLEL_FALSE=''
USE_PARALLEL_TRUE='#'
USE_PLOTSH2_FALSE=''
USE_PLOTSH2_TRUE='#'
USE_PLOTSH_FALSE=''
USE_PLOTSH_TRUE='#'
USE_PRESHOWER_FALSE=''
USE_PRESHOWER_TRUE='#'
USE_QGSJET01_FALSE='#'
USE_QGSJET01_TRUE=''
USE_QGSJETII_FALSE=''
USE_QGSJETII_TRUE='#'
USE_REMOTECONTROL_FALSE=''
USE_REMOTECONTROL_TRUE='#'
USE_RIGIDITY_FALSE=''
USE_RIGIDITY_TRUE='#'
USE_ROOTOUT_FALSE=''
USE_ROOTOUT_TRUE='#'
USE_SIBYLL_FALSE=''
USE_SIBYLL_TRUE='#'
USE_SLANT_FALSE=''
USE_SLANT_TRUE='#'
USE_STACKIN_FALSE=''
USE_STACKIN_TRUE='#'
USE_TAULEP_FALSE=''
USE_TAULEP_TRUE='#'
USE_THIN_FALSE=''
USE_THIN_TRUE='#'
USE_TIMERC_FALSE='#'
USE_TIMERC_TRUE=''
USE_TRAJECT_FALSE=''
USE_TRAJECT_TRUE='#'
USE_TRAPFE_FALSE=''
USE_TRAPFE_TRUE='#'
USE_UPWARD_FALSE=''
USE_UPWARD_TRUE='#'
USE_URQMD_FALSE=''
USE_URQMD_TRUE='#'
USE_VENUS_FALSE=''
USE_VENUS_TRUE='#'
USE_VIEWCONE_FALSE=''
USE_VIEWCONE_TRUE='#'
VERSION='76900'
ac_ct_AR='ar'
ac_ct_CC='cc'
ac_ct_CXX='g++'
ac_ct_DUMPBIN=''
ac_ct_F77='gfortran'
ac_prefix_program=''
am__EXEEXT_FALSE=''
am__EXEEXT_TRUE='#'
am__fastdepCC_FALSE='#'
am__fastdepCC_TRUE=''
am__fastdepCXX_FALSE='#'
am__fastdepCXX_TRUE=''
am__include='include'
am__isrc=''
am__leading_dot='.'
am__nodep='_no'
am__quote=''
am__tar='$${TAR-tar} chof - "$$tardir"'
am__untar='$${TAR-tar} xf -'
bindir='/home/groot/corsika/corsika7/corsika-76900/run'
build='x86_64-unknown-linux-gnu'
build_alias=''
build_cpu='x86_64'
build_os='linux-gnu'
build_vendor='unknown'
datadir='${datarootdir}'
datarootdir='${prefix}/share'
docdir='${datarootdir}/doc/${PACKAGE_TARNAME}'
dvidir='${docdir}'
exec_prefix='${prefix}'
host='x86_64-unknown-linux-gnu'
host_alias=''
host_cpu='x86_64'
host_os='linux-gnu'
host_vendor='unknown'
htmldir='${docdir}'
includedir='${prefix}/include'
infodir='${datarootdir}/info'
install_sh='${SHELL} /home/groot/corsika/corsika7/corsika-76900/config/install-sh'
libdir='/home/groot/corsika/corsika7/corsika-76900/lib/unknown'
libexecdir='${exec_prefix}/libexec'
localedir='${datarootdir}/locale'
localstatedir='${prefix}/var'
mandir='${datarootdir}/man'
mkdir_p='$(MKDIR_P)'
oldincludedir='/usr/include'
pdfdir='${docdir}'
prefix='/home/groot/corsika/corsika7/corsika-76900'
program_transform_name='s,x,x,'
psdir='${docdir}'
sbindir='${exec_prefix}/sbin'
sharedstatedir='${prefix}/com'
sysconfdir='${prefix}/etc'
target_alias=''

## ----------- ##
## confdefs.h. ##
## ----------- ##

/* confdefs.h */
#define PACKAGE_NAME "corsika"
#define PACKAGE_TARNAME "corsika"
#define PACKAGE_VERSION "76900"
#define PACKAGE_STRING "corsika 76900"
#define PACKAGE_BUGREPORT ""
#define PACKAGE_URL ""
#define PACKAGE "corsika"
#define VERSION "76900"
#define STDC_HEADERS 1
#define HAVE_SYS_TYPES_H 1
#define HAVE_SYS_STAT_H 1
#define HAVE_STDLIB_H 1
#define HAVE_STRING_H 1
#define HAVE_MEMORY_H 1
#define HAVE_STRINGS_H 1
#define HAVE_INTTYPES_H 1
#define HAVE_STDINT_H 1
#define HAVE_UNISTD_H 1
#define HAVE_DLFCN_H 1
#define LT_OBJDIR ".libs/"
#define __GFORTRAN__ 1
#define __GFORTRAN__ 1
#define __UNIX__ 1
#define __BYTERECL__ 1
#define __CACHE_HORIZONTAL__ /**/
#define __CACHE_$CORTIMELIB__ /**/
#define __TIMERC__ 1
#define __QGSJETOLD__ 1
#define __QGSJET__ 1
#define __CACHE_QGSJET01__ /**/
#define __GHEISHAD__ 1
#define __CACHE_GHEISHA__ /**/
#define __OFFIC__ 1

configure: exit 0
